<?xml version="1.0" encoding="UTF-8"?>
<!-- Generated by org.testng.reporters.JUnitXMLReporter -->
<testsuite ignored="2" hostname="LTIN238693" failures="0" tests="8" name="Test" time="210.201" errors="0" timestamp="2024-02-29T11:42:20 IST">
  <testcase classname="TestCase.testcase1" name="SetSearch" time="40.209"/>
  <testcase classname="TestCase.testcase1" name="SelectLanguage" time="6.684"/>
  <testcase classname="TestCase.testcase1" name="SelectLevel" time="0.68"/>
  <testcase classname="TestCase.testcase1" name="PrintCourses" time="8.354"/>
  <testcase classname="TestCase.testcase1" name="Businesses" time="65.146"/>
  <testcase classname="TestCase.testcase1" name="Solution" time="82.915"/>
  <testcase classname="TestCase.testcase1" name="printToExcel" time="1.034"/>
  <testcase classname="TestCase.testcase2" name="form" time="2.44"/>
  <testcase classname="TestBase.BaseClass" name="@BeforeSuite setup" time="0.0">
    <ignored/>
  </testcase> <!-- @BeforeSuite setup -->
  <testcase classname="TestBase.BaseClass" name="@AfterSuite close" time="0.0">
    <ignored/>
  </testcase> <!-- @AfterSuite close -->
</testsuite> <!-- Test -->
